<?xml version="1.0" encoding="utf-8"?><testsuites name="pytest tests"><testsuite name="pytest" errors="0" failures="0" skipped="1" tests="43" time="60.501" timestamp="2026-02-15T14:37:22.238038+00:00" hostname="runnervmjduv7"><properties>
[...]
</properties><testcase classname="verification.api-validator" name="test_spec_compliance" time="0.000"><skipped type="pytest.skip" message="Compliance mode not enabled">/home/runner/work/iri-facility-api-docs/iri-facility-api-docs/verification/api-validator.py:125: Compliance mode not enabled</skipped></testcase><testcase classname="verification.api-validator" name="test_api[GET /api/v1/facility]" time="0.390" /><testcase classname="verification.api-validator" name="test_api[GET /api/v1/facility/sites]" time="0.564" /><testcase classname="verification.api-validator" name="test_api[GET /api/v1/facility/sites/{site_id}]" time="0.366" /><testcase classname="verification.api-validator" name="test_api[GET /api/v1/status/resources]" time="0.859" /><testcase classname="verification.api-validator" name="test_api[GET /api/v1/status/resources/{resource_id}]" time="0.495" /><testcase classname="verification.api-validator" name="test_api[GET /api/v1/status/incidents]" time="1.347" /><testcase classname="verification.api-validator" name="test_api[GET /api/v1/status/incidents/{incident_id}]" time="0.508" /><testcase classname="verification.api-validator" name="test_api[GET /api/v1/status/incidents/{incident_id}/events]" time="0.683" /><testcase classname="verification.api-validator" name="test_api[GET /api/v1/status/incidents/{incident_id}/events/{event_id}]" time="0.367" /><testcase classname="verification.api-validator" name="test_api[GET /api/v1/account/capabilities]" time="0.412" /><testcase classname="verification.api-validator" name="test_api[GET /api/v1/account/capabilities/{capability_id}]" time="0.375" /><testcase classname="verification.api-validator" name="test_api[GET /api/v1/account/projects]" time="0.157" /><testcase classname="verification.api-validator" name="test_api[GET /api/v1/account/projects/{project_id}]" time="0.190" /><testcase classname="verification.api-validator" name="test_api[GET /api/v1/account/projects/{project_id}/project_allocations]" time="0.193" /><testcase classname="verification.api-validator" name="test_api[GET /api/v1/account/projects/{project_id}/project_allocations/{project_allocation_id}]" time="0.348" /><testcase classname="verification.api-validator" name="test_api[GET /api/v1/account/projects/{project_id}/project_allocations/{project_allocation_id}/user_allocations]" time="0.306" /><testcase classname="verification.api-validator" name="test_api[GET /api/v1/account/projects/{project_id}/project_allocations/{project_allocation_id}/user_allocations/{user_allocation_id}]" time="0.251" /><testcase classname="verification.api-validator" name="test_api[POST /api/v1/compute/job/{resource_id}]" time="1.708" /><testcase classname="verification.api-validator" name="test_api[PUT /api/v1/compute/job/{resource_id}/{job_id}]" time="1.399" /><testcase classname="verification.api-validator" name="test_api[GET /api/v1/compute/status/{resource_id}/{job_id}]" time="0.284" /><testcase classname="verification.api-validator" name="test_api[POST /api/v1/compute/status/{resource_id}]" time="0.697" /><testcase classname="verification.api-validator" name="test_api[DELETE /api/v1/compute/cancel/{resource_id}/{job_id}]" time="0.346" /><testcase classname="verification.api-validator" name="test_api[PUT /api/v1/filesystem/chmod/{resource_id}]" time="0.490" /><testcase classname="verification.api-validator" name="test_api[PUT /api/v1/filesystem/chown/{resource_id}]" time="0.512" /><testcase classname="verification.api-validator" name="test_api[GET /api/v1/filesystem/file/{resource_id}]" time="0.173" /><testcase classname="verification.api-validator" name="test_api[GET /api/v1/filesystem/stat/{resource_id}]" time="0.241" /><testcase classname="verification.api-validator" name="test_api[POST /api/v1/filesystem/mkdir/{resource_id}]" time="0.364" /><testcase classname="verification.api-validator" name="test_api[POST /api/v1/filesystem/symlink/{resource_id}]" time="0.473" /><testcase classname="verification.api-validator" name="test_api[GET /api/v1/filesystem/ls/{resource_id}]" time="0.429" /><testcase classname="verification.api-validator" name="test_api[GET /api/v1/filesystem/head/{resource_id}]" time="0.339" /><testcase classname="verification.api-validator" name="test_api[GET /api/v1/filesystem/view/{resource_id}]" time="0.271" /><testcase classname="verification.api-validator" name="test_api[GET /api/v1/filesystem/tail/{resource_id}]" time="0.352" /><testcase classname="verification.api-validator" name="test_api[GET /api/v1/filesystem/checksum/{resource_id}]" time="0.171" /><testcase classname="verification.api-validator" name="test_api[DELETE /api/v1/filesystem/rm/{resource_id}]" time="0.242" /><testcase classname="verification.api-validator" name="test_api[POST /api/v1/filesystem/compress/{resource_id}]" time="0.517" /><testcase classname="verification.api-validator" name="test_api[POST /api/v1/filesystem/extract/{resource_id}]" time="0.539" /><testcase classname="verification.api-validator" name="test_api[POST /api/v1/filesystem/mv/{resource_id}]" time="0.325" /><testcase classname="verification.api-validator" name="test_api[POST /api/v1/filesystem/cp/{resource_id}]" time="0.435" /><testcase classname="verification.api-validator" name="test_api[GET /api/v1/filesystem/download/{resource_id}]" time="0.173" /><testcase classname="verification.api-validator" name="test_api[POST /api/v1/filesystem/upload/{resource_id}]" time="0.361" /><testcase classname="verification.api-validator" name="test_api[GET /api/v1/task/{task_id}]" time="0.228" /><testcase classname="verification.api-validator" name="test_api[GET /api/v1/task]" time="0.158" /></testsuite></testsuites>