<?xml version="1.0" encoding="utf-8"?><testsuites name="pytest tests"><testsuite name="pytest" errors="0" failures="0" skipped="1" tests="26" time="134.850" timestamp="2026-02-15T14:38:24.385682+00:00" hostname="runnervmjduv7"><properties>
[...]
</properties><testcase classname="verification.api-validator" name="test_spec_compliance" time="0.000"><skipped type="pytest.skip" message="Compliance mode not enabled">/home/runner/work/iri-facility-api-docs/iri-facility-api-docs/verification/api-validator.py:125: Compliance mode not enabled</skipped></testcase><testcase classname="verification.api-validator" name="test_api[GET /api/v1/status/resources]" time="1.077" /><testcase classname="verification.api-validator" name="test_api[GET /api/v1/status/resources/{resource_id}]" time="0.231" /><testcase classname="verification.api-validator" name="test_api[GET /api/v1/status/incidents]" time="0.972" /><testcase classname="verification.api-validator" name="test_api[GET /api/v1/status/incidents/{incident_id}]" time="0.246" /><testcase classname="verification.api-validator" name="test_api[GET /api/v1/status/incidents/{incident_id}/resources]" time="0.433" /><testcase classname="verification.api-validator" name="test_api[GET /api/v1/status/events]" time="0.518" /><testcase classname="verification.api-validator" name="test_api[GET /api/v1/status/events/{event_id}]" time="0.222" /><testcase classname="verification.api-validator" name="test_api[GET /api/v1/status/events/{event_id}/resource]" time="0.225" /><testcase classname="verification.api-validator" name="test_api[GET /api/v1/status/events/{event_id}/incident]" time="0.220" /><testcase classname="verification.api-validator" name="test_api[GET /api/v1/facility]" time="0.403" /><testcase classname="verification.api-validator" name="test_api[GET /api/v1/facility/sites]" time="0.561" /><testcase classname="verification.api-validator" name="test_api[GET /api/v1/facility/sites/{site_id}]" time="0.247" /><testcase classname="verification.api-validator" name="test_api[GET /api/v1/account]" time="0.033" /><testcase classname="verification.api-validator" name="test_api[GET /api/v1/account/user_allocations]" time="0.607" /><testcase classname="verification.api-validator" name="test_api[GET /api/v1/account/user_allocations/{user_allocation_id}]" time="0.235" /><testcase classname="verification.api-validator" name="test_api[GET /api/v1/account/projects]" time="0.672" /><testcase classname="verification.api-validator" name="test_api[GET /api/v1/account/projects/{project_id}]" time="0.252" /><testcase classname="verification.api-validator" name="test_api[GET /api/v1/account/projects/{project_id}/project_allocations]" time="0.421" /><testcase classname="verification.api-validator" name="test_api[GET /api/v1/account/projects/{project_id}/project_allocations/{project_allocation_id}]" time="0.296" /><testcase classname="verification.api-validator" name="test_api[GET /api/v1/account/projects/{project_id}/project_allocations/{project_allocation_id}/user_allocations]" time="0.467" /><testcase classname="verification.api-validator" name="test_api[GET /api/v1/account/projects/{project_id}/project_allocations/{project_allocation_id}/user_allocations/{user_allocation_id}]" time="0.353" /><testcase classname="verification.api-validator" name="test_api[GET /api/v1/account/project_allocations]" time="0.586" /><testcase classname="verification.api-validator" name="test_api[GET /api/v1/account/project_allocations/{project_allocation_id}]" time="0.241" /><testcase classname="verification.api-validator" name="test_api[GET /api/v1/account/capabilities]" time="0.590" /><testcase classname="verification.api-validator" name="test_api[GET /api/v1/account/capabilities/{capability_id}]" time="0.228" /></testsuite></testsuites>