<?xml version="1.0" encoding="utf-8"?><testsuites name="pytest tests"><testsuite name="pytest" errors="0" failures="0" skipped="1" tests="26" time="127.280" timestamp="2026-02-15T14:28:53.076010+00:00" hostname="runnervmjduv7"><properties>
[...]
</properties><testcase classname="verification.api-validator" name="test_spec_compliance" time="0.000"><skipped type="pytest.skip" message="Compliance mode not enabled">/home/runner/work/iri-facility-api-docs/iri-facility-api-docs/verification/api-validator.py:125: Compliance mode not enabled</skipped></testcase><testcase classname="verification.api-validator" name="test_api[GET /api/v1/status/resources]" time="1.253" /><testcase classname="verification.api-validator" name="test_api[GET /api/v1/status/resources/{resource_id}]" time="0.205" /><testcase classname="verification.api-validator" name="test_api[GET /api/v1/status/incidents]" time="1.147" /><testcase classname="verification.api-validator" name="test_api[GET /api/v1/status/incidents/{incident_id}]" time="0.243" /><testcase classname="verification.api-validator" name="test_api[GET /api/v1/status/incidents/{incident_id}/resources]" time="0.385" /><testcase classname="verification.api-validator" name="test_api[GET /api/v1/status/events]" time="0.677" /><testcase classname="verification.api-validator" name="test_api[GET /api/v1/status/events/{event_id}]" time="0.207" /><testcase classname="verification.api-validator" name="test_api[GET /api/v1/status/events/{event_id}/resource]" time="0.235" /><testcase classname="verification.api-validator" name="test_api[GET /api/v1/status/events/{event_id}/incident]" time="0.215" /><testcase classname="verification.api-validator" name="test_api[GET /api/v1/facility]" time="0.341" /><testcase classname="verification.api-validator" name="test_api[GET /api/v1/facility/sites]" time="0.698" /><testcase classname="verification.api-validator" name="test_api[GET /api/v1/facility/sites/{site_id}]" time="0.205" /><testcase classname="verification.api-validator" name="test_api[GET /api/v1/account]" time="0.031" /><testcase classname="verification.api-validator" name="test_api[GET /api/v1/account/user_allocations]" time="0.500" /><testcase classname="verification.api-validator" name="test_api[GET /api/v1/account/user_allocations/{user_allocation_id}]" time="0.236" /><testcase classname="verification.api-validator" name="test_api[GET /api/v1/account/projects]" time="0.587" /><testcase classname="verification.api-validator" name="test_api[GET /api/v1/account/projects/{project_id}]" time="0.206" /><testcase classname="verification.api-validator" name="test_api[GET /api/v1/account/projects/{project_id}/project_allocations]" time="0.431" /><testcase classname="verification.api-validator" name="test_api[GET /api/v1/account/projects/{project_id}/project_allocations/{project_allocation_id}]" time="0.271" /><testcase classname="verification.api-validator" name="test_api[GET /api/v1/account/projects/{project_id}/project_allocations/{project_allocation_id}/user_allocations]" time="0.405" /><testcase classname="verification.api-validator" name="test_api[GET /api/v1/account/projects/{project_id}/project_allocations/{project_allocation_id}/user_allocations/{user_allocation_id}]" time="0.323" /><testcase classname="verification.api-validator" name="test_api[GET /api/v1/account/project_allocations]" time="0.462" /><testcase classname="verification.api-validator" name="test_api[GET /api/v1/account/project_allocations/{project_allocation_id}]" time="0.205" /><testcase classname="verification.api-validator" name="test_api[GET /api/v1/account/capabilities]" time="0.548" /><testcase classname="verification.api-validator" name="test_api[GET /api/v1/account/capabilities/{capability_id}]" time="0.229" /></testsuite></testsuites>