<?xml version="1.0" encoding="utf-8"?><testsuites name="pytest tests"><testsuite name="pytest" errors="0" failures="1" skipped="1" tests="2" time="1.045" timestamp="2026-02-15T14:16:10.397969+00:00" hostname="runnervmjduv7"><testcase classname="verification.api-validator" name="test_spec_compliance" time="1.019"><failure message="Failed: 10 official operationIds are missing from the facility spec">E   Failed: 10 official operationIds are missing from the facility spec</failure></testcase><testcase classname="verification.api-validator" name="test_api" time="0.000"><skipped type="pytest.skip" message="Schemathesis disabled in spec compliance mode">/home/runner/work/iri-facility-api-docs/iri-facility-api-docs/verification/api-validator.py:224: Schemathesis disabled in spec compliance mode</skipped></testcase></testsuite></testsuites>