<?xml version="1.0" encoding="utf-8"?><testsuites name="pytest tests"><testsuite name="pytest" errors="0" failures="0" skipped="1" tests="43" time="1111.398" timestamp="2026-02-16T20:21:59.831204+00:00" hostname="runnervmjduv7"><properties>
[...]
</properties><testcase classname="verification.api-validator" name="test_spec_compliance" time="0.000"><skipped type="pytest.skip" message="Compliance mode not enabled">/home/runner/work/iri-facility-api-docs/iri-facility-api-docs/verification/api-validator.py:125: Compliance mode not enabled</skipped></testcase><testcase classname="verification.api-validator" name="test_api[GET /api/v1/facility]" time="7.732" /><testcase classname="verification.api-validator" name="test_api[GET /api/v1/facility/sites]" time="19.311" /><testcase classname="verification.api-validator" name="test_api[GET /api/v1/facility/sites/{site_id}]" time="7.109" /><testcase classname="verification.api-validator" name="test_api[GET /api/v1/status/resources]" time="30.293" /><testcase classname="verification.api-validator" name="test_api[GET /api/v1/status/resources/{resource_id}]" time="5.983" /><testcase classname="verification.api-validator" name="test_api[GET /api/v1/status/incidents]" time="40.096" /><testcase classname="verification.api-validator" name="test_api[GET /api/v1/status/incidents/{incident_id}]" time="11.966" /><testcase classname="verification.api-validator" name="test_api[GET /api/v1/status/incidents/{incident_id}/events]" time="45.198" /><testcase classname="verification.api-validator" name="test_api[GET /api/v1/status/incidents/{incident_id}/events/{event_id}]" time="11.534" /><testcase classname="verification.api-validator" name="test_api[GET /api/v1/account/capabilities]" time="16.970" /><testcase classname="verification.api-validator" name="test_api[GET /api/v1/account/capabilities/{capability_id}]" time="6.693" /><testcase classname="verification.api-validator" name="test_api[GET /api/v1/account/projects]" time="11.634" /><testcase classname="verification.api-validator" name="test_api[GET /api/v1/account/projects/{project_id}]" time="11.734" /><testcase classname="verification.api-validator" name="test_api[GET /api/v1/account/projects/{project_id}/project_allocations]" time="11.656" /><testcase classname="verification.api-validator" name="test_api[GET /api/v1/account/projects/{project_id}/project_allocations/{project_allocation_id}]" time="11.712" /><testcase classname="verification.api-validator" name="test_api[GET /api/v1/account/projects/{project_id}/project_allocations/{project_allocation_id}/user_allocations]" time="11.733" /><testcase classname="verification.api-validator" name="test_api[GET /api/v1/account/projects/{project_id}/project_allocations/{project_allocation_id}/user_allocations/{user_allocation_id}]" time="11.868" /><testcase classname="verification.api-validator" name="test_api[POST /api/v1/compute/job/{resource_id}]" time="140.079" /><testcase classname="verification.api-validator" name="test_api[PUT /api/v1/compute/job/{resource_id}/{job_id}]" time="141.784" /><testcase classname="verification.api-validator" name="test_api[GET /api/v1/compute/status/{resource_id}/{job_id}]" time="22.716" /><testcase classname="verification.api-validator" name="test_api[POST /api/v1/compute/status/{resource_id}]" time="45.253" /><testcase classname="verification.api-validator" name="test_api[DELETE /api/v1/compute/cancel/{resource_id}/{job_id}]" time="11.774" /><testcase classname="verification.api-validator" name="test_api[PUT /api/v1/filesystem/chmod/{resource_id}]" time="21.649" /><testcase classname="verification.api-validator" name="test_api[PUT /api/v1/filesystem/chown/{resource_id}]" time="25.040" /><testcase classname="verification.api-validator" name="test_api[GET /api/v1/filesystem/file/{resource_id}]" time="12.280" /><testcase classname="verification.api-validator" name="test_api[GET /api/v1/filesystem/stat/{resource_id}]" time="15.624" /><testcase classname="verification.api-validator" name="test_api[POST /api/v1/filesystem/mkdir/{resource_id}]" time="22.138" /><testcase classname="verification.api-validator" name="test_api[POST /api/v1/filesystem/symlink/{resource_id}]" time="22.457" /><testcase classname="verification.api-validator" name="test_api[GET /api/v1/filesystem/ls/{resource_id}]" time="35.370" /><testcase classname="verification.api-validator" name="test_api[GET /api/v1/filesystem/head/{resource_id}]" time="30.626" /><testcase classname="verification.api-validator" name="test_api[GET /api/v1/filesystem/view/{resource_id}]" time="29.523" /><testcase classname="verification.api-validator" name="test_api[GET /api/v1/filesystem/tail/{resource_id}]" time="36.497" /><testcase classname="verification.api-validator" name="test_api[GET /api/v1/filesystem/checksum/{resource_id}]" time="12.281" /><testcase classname="verification.api-validator" name="test_api[DELETE /api/v1/filesystem/rm/{resource_id}]" time="12.177" /><testcase classname="verification.api-validator" name="test_api[POST /api/v1/filesystem/compress/{resource_id}]" time="34.897" /><testcase classname="verification.api-validator" name="test_api[POST /api/v1/filesystem/extract/{resource_id}]" time="27.284" /><testcase classname="verification.api-validator" name="test_api[POST /api/v1/filesystem/mv/{resource_id}]" time="21.673" /><testcase classname="verification.api-validator" name="test_api[POST /api/v1/filesystem/cp/{resource_id}]" time="25.018" /><testcase classname="verification.api-validator" name="test_api[GET /api/v1/filesystem/download/{resource_id}]" time="12.448" /><testcase classname="verification.api-validator" name="test_api[POST /api/v1/filesystem/upload/{resource_id}]" time="14.107" /><testcase classname="verification.api-validator" name="test_api[GET /api/v1/task/{task_id}]" time="11.742" /><testcase classname="verification.api-validator" name="test_api[GET /api/v1/task]" time="11.838" /></testsuite></testsuites>