<?xml version="1.0" encoding="utf-8"?><testsuites name="pytest tests"><testsuite name="pytest" errors="0" failures="0" skipped="1" tests="23" time="739.502" timestamp="2026-02-16T20:21:57.482350+00:00" hostname="runnervmjduv7"><properties>
[...]
</properties><testcase classname="verification.api-validator" name="test_spec_compliance" time="0.000"><skipped type="pytest.skip" message="Compliance mode not enabled">/home/runner/work/iri-facility-api-docs/iri-facility-api-docs/verification/api-validator.py:125: Compliance mode not enabled</skipped></testcase><testcase classname="verification.api-validator" name="test_api[GET /api/v1/facility]" time="9.420" /><testcase classname="verification.api-validator" name="test_api[GET /api/v1/facility/sites]" time="25.713" /><testcase classname="verification.api-validator" name="test_api[GET /api/v1/facility/sites/{site_id}]" time="9.354" /><testcase classname="verification.api-validator" name="test_api[GET /api/v1/status/resources]" time="41.033" /><testcase classname="verification.api-validator" name="test_api[GET /api/v1/status/resources/{resource_id}]" time="7.682" /><testcase classname="verification.api-validator" name="test_api[GET /api/v1/status/incidents]" time="51.900" /><testcase classname="verification.api-validator" name="test_api[GET /api/v1/status/incidents/{incident_id}]" time="7.766" /><testcase classname="verification.api-validator" name="test_api[GET /api/v1/status/incidents/{incident_id}/events]" time="42.779" /><testcase classname="verification.api-validator" name="test_api[GET /api/v1/status/incidents/{incident_id}/events/{event_id}]" time="7.606" /><testcase classname="verification.api-validator" name="test_api[GET /api/v1/account/capabilities]" time="24.075" /><testcase classname="verification.api-validator" name="test_api[GET /api/v1/account/capabilities/{capability_id}]" time="9.127" /><testcase classname="verification.api-validator" name="test_api[GET /api/v1/account/projects]" time="13.733" /><testcase classname="verification.api-validator" name="test_api[GET /api/v1/account/projects/{project_id}]" time="13.493" /><testcase classname="verification.api-validator" name="test_api[GET /api/v1/account/projects/{project_id}/project_allocations]" time="13.320" /><testcase classname="verification.api-validator" name="test_api[GET /api/v1/account/projects/{project_id}/project_allocations/{project_allocation_id}]" time="13.398" /><testcase classname="verification.api-validator" name="test_api[GET /api/v1/account/projects/{project_id}/project_allocations/{project_allocation_id}/user_allocations]" time="13.407" /><testcase classname="verification.api-validator" name="test_api[GET /api/v1/account/projects/{project_id}/project_allocations/{project_allocation_id}/user_allocations/{user_allocation_id}]" time="13.303" /><testcase classname="verification.api-validator" name="test_api[POST /api/v1/compute/job/{resource_id}]" time="155.495" /><testcase classname="verification.api-validator" name="test_api[PUT /api/v1/compute/job/{resource_id}/{job_id}]" time="155.341" /><testcase classname="verification.api-validator" name="test_api[GET /api/v1/compute/status/{resource_id}/{job_id}]" time="25.176" /><testcase classname="verification.api-validator" name="test_api[POST /api/v1/compute/status/{resource_id}]" time="49.887" /><testcase classname="verification.api-validator" name="test_api[DELETE /api/v1/compute/cancel/{resource_id}/{job_id}]" time="13.357" /></testsuite></testsuites>